# JRE version: OpenJDK Runtime Environment Temurin-17.0.7+7 (17.0.7+7) (build 17.0.7+7)
# Java VM: OpenJDK 64-Bit Server VM Temurin-17.0.7+7 (17.0.7+7, mixed mode, tiered, compressed oops, compressed class ptrs, parallel gc, linux-amd64)
GC Precious Log:
 CPUs: 8 total, 8 available
 Memory: 15840M
 Large Page Support: Disabled
 NUMA Support: Disabled
 Compressed Oops: Enabled (32-bit)
 Alignments: Space 512K, Generation 512K, Heap 2M
 Heap Min Capacity: 100M
 Heap Initial Capacity: 100M
 Heap Max Capacity: 1G
 Pre-touch: Disabled
 Parallel Workers: 8
Heap:
 PSYoungGen      total 145408K, used 15890K [0x00000000eab00000, 0x00000000f8a80000, 0x0000000100000000)
  eden space 67072K, 23% used [0x00000000eab00000,0x00000000eba84b30,0x00000000eec80000)
  from space 78336K, 0% used [0x00000000f3900000,0x00000000f3900000,0x00000000f8580000)
  to   space 78336K, 0% used [0x00000000eec80000,0x00000000eec80000,0x00000000f3900000)
 ParOldGen       total 538624K, used 423813K [0x00000000c0000000, 0x00000000e0e00000, 0x00000000eab00000)
  object space 538624K, 78% used [0x00000000c0000000,0x00000000d9de15e0,0x00000000e0e00000)
 Metaspace       used 66041K, committed 67136K, reserved 1114112K
  class space    used 7159K, committed 7616K, reserved 1048576K
GC Heap History (20 events):
Event: 9.429 GC heap before
{Heap before GC invocations=169 (full 11):
 PSYoungGen      total 57344K, used 14111K [0x00000000eab00000, 0x00000000ef800000, 0x0000000100000000)
  eden space 43008K, 0% used [0x00000000eab00000,0x00000000eab00000,0x00000000ed500000)
  from space 14336K, 98% used [0x00000000eea00000,0x00000000ef7c7f38,0x00000000ef800000)
  to   space 16896K, 0% used [0x00000000ed700000,0x00000000ed700000,0x00000000ee780000)
 ParOldGen       total 287744K, used 285273K [0x00000000c0000000, 0x00000000d1900000, 0x00000000eab00000)
  object space 287744K, 99% used [0x00000000c0000000,0x00000000d1696690,0x00000000d1900000)
 Metaspace       used 65975K, committed 67072K, reserved 1114112K
  class space    used 7155K, committed 7616K, reserved 1048576K
}
Event: 9.579 GC heap after
{Heap after GC invocations=169 (full 11):
 PSYoungGen      total 60416K, used 9562K [0x00000000eab00000, 0x00000000ef900000, 0x0000000100000000)
  eden space 46080K, 0% used [0x00000000eab00000,0x00000000eab00000,0x00000000ed800000)
  from space 14336K, 66% used [0x00000000eea00000,0x00000000ef356bb8,0x00000000ef800000)
  to   space 16896K, 0% used [0x00000000ed800000,0x00000000ed800000,0x00000000ee880000)
 ParOldGen       total 350208K, used 287267K [0x00000000c0000000, 0x00000000d5600000, 0x00000000eab00000)
  object space 350208K, 82% used [0x00000000c0000000,0x00000000d1888e30,0x00000000d5600000)
 Metaspace       used 65975K, committed 67072K, reserved 1114112K
  class space    used 7155K, committed 7616K, reserved 1048576K
}
Event: 9.686 GC heap before
{Heap before GC invocations=170 (full 11):
 PSYoungGen      total 60416K, used 55642K [0x00000000eab00000, 0x00000000ef900000, 0x0000000100000000)
  eden space 46080K, 100% used [0x00000000eab00000,0x00000000ed800000,0x00000000ed800000)
  from space 14336K, 66% used [0x00000000eea00000,0x00000000ef356bb8,0x00000000ef800000)
  to   space 16896K, 0% used [0x00000000ed800000,0x00000000ed800000,0x00000000ee880000)
 ParOldGen       total 350208K, used 287267K [0x00000000c0000000, 0x00000000d5600000, 0x00000000eab00000)
  object space 350208K, 82% used [0x00000000c0000000,0x00000000d1888e30,0x00000000d5600000)
 Metaspace       used 65976K, committed 67072K, reserved 1114112K
  class space    used 7155K, committed 7616K, reserved 1048576K
}
Event: 9.699 GC heap after
{Heap after GC invocations=170 (full 11):
 PSYoungGen      total 62976K, used 16886K [0x00000000eab00000, 0x00000000f0400000, 0x0000000100000000)
  eden space 46080K, 0% used [0x00000000eab00000,0x00000000eab00000,0x00000000ed800000)
  from space 16896K, 99% used [0x00000000ed800000,0x00000000ee87d888,0x00000000ee880000)
  to   space 20992K, 0% used [0x00000000eef80000,0x00000000eef80000,0x00000000f0400000)
 ParOldGen       total 350208K, used 290015K [0x00000000c0000000, 0x00000000d5600000, 0x00000000eab00000)
  object space 350208K, 82% used [0x00000000c0000000,0x00000000d1b37e30,0x00000000d5600000)
 Metaspace       used 65976K, committed 67072K, reserved 1114112K
  class space    used 7155K, committed 7616K, reserved 1048576K
}
Event: 9.813 GC heap before
{Heap before GC invocations=171 (full 11):
 PSYoungGen      total 62976K, used 62966K [0x00000000eab00000, 0x00000000f0400000, 0x0000000100000000)
  eden space 46080K, 100% used [0x00000000eab00000,0x00000000ed800000,0x00000000ed800000)
  from space 16896K, 99% used [0x00000000ed800000,0x00000000ee87d888,0x00000000ee880000)
  to   space 20992K, 0% used [0x00000000eef80000,0x00000000eef80000,0x00000000f0400000)
 ParOldGen       total 350208K, used 290015K [0x00000000c0000000, 0x00000000d5600000, 0x00000000eab00000)
  object space 350208K, 82% used [0x00000000c0000000,0x00000000d1b37e30,0x00000000d5600000)
 Metaspace       used 65976K, committed 67072K, reserved 1114112K
  class space    used 7155K, committed 7616K, reserved 1048576K
}
Event: 9.822 GC heap after
{Heap after GC invocations=171 (full 11):
 PSYoungGen      total 67584K, used 18347K [0x00000000eab00000, 0x00000000f0180000, 0x0000000100000000)
  eden space 49152K, 0% used [0x00000000eab00000,0x00000000eab00000,0x00000000edb00000)
  from space 18432K, 99% used [0x00000000eef80000,0x00000000f016ae38,0x00000000f0180000)
  to   space 18944K, 0% used [0x00000000edc80000,0x00000000edc80000,0x00000000eef00000)
 ParOldGen       total 350208K, used 298645K [0x00000000c0000000, 0x00000000d5600000, 0x00000000eab00000)
  object space 350208K, 85% used [0x00000000c0000000,0x00000000d23a57a0,0x00000000d5600000)
 Metaspace       used 65976K, committed 67072K, reserved 1114112K
  class space    used 7155K, committed 7616K, reserved 1048576K
}
Event: 10.029 GC heap before
{Heap before GC invocations=172 (full 11):
 PSYoungGen      total 67584K, used 67499K [0x00000000eab00000, 0x00000000f0180000, 0x0000000100000000)
  eden space 49152K, 100% used [0x00000000eab00000,0x00000000edb00000,0x00000000edb00000)
  from space 18432K, 99% used [0x00000000eef80000,0x00000000f016ae38,0x00000000f0180000)
  to   space 18944K, 0% used [0x00000000edc80000,0x00000000edc80000,0x00000000eef00000)
 ParOldGen       total 350208K, used 298645K [0x00000000c0000000, 0x00000000d5600000, 0x00000000eab00000)
  object space 350208K, 85% used [0x00000000c0000000,0x00000000d23a57a0,0x00000000d5600000)
 Metaspace       used 65976K, committed 67072K, reserved 1114112K
  class space    used 7155K, committed 7616K, reserved 1048576K
}
Event: 10.039 GC heap after
{Heap after GC invocations=172 (full 11):
 PSYoungGen      total 69632K, used 18919K [0x00000000eab00000, 0x00000000f2600000, 0x0000000100000000)
  eden space 50688K, 0% used [0x00000000eab00000,0x00000000eab00000,0x00000000edc80000)
  from space 18944K, 99% used [0x00000000edc80000,0x00000000eeef9d10,0x00000000eef00000)
  to   space 36864K, 0% used [0x00000000f0200000,0x00000000f0200000,0x00000000f2600000)
 ParOldGen       total 350208K, used 313773K [0x00000000c0000000, 0x00000000d5600000, 0x00000000eab00000)
  object space 350208K, 89% used [0x00000000c0000000,0x00000000d326b448,0x00000000d5600000)
 Metaspace       used 65976K, committed 67072K, reserved 1114112K
  class space    used 7155K, committed 7616K, reserved 1048576K
}
Event: 10.128 GC heap before
{Heap before GC invocations=173 (full 11):
 PSYoungGen      total 69632K, used 69607K [0x00000000eab00000, 0x00000000f2600000, 0x0000000100000000)
  eden space 50688K, 100% used [0x00000000eab00000,0x00000000edc80000,0x00000000edc80000)
  from space 18944K, 99% used [0x00000000edc80000,0x00000000eeef9d10,0x00000000eef00000)
  to   space 36864K, 0% used [0x00000000f0200000,0x00000000f0200000,0x00000000f2600000)
 ParOldGen       total 350208K, used 313773K [0x00000000c0000000, 0x00000000d5600000, 0x00000000eab00000)
  object space 350208K, 89% used [0x00000000c0000000,0x00000000d326b448,0x00000000d5600000)
 Metaspace       used 65976K, committed 67072K, reserved 1114112K
  class space    used 7155K, committed 7616K, reserved 1048576K
}
Event: 10.139 GC heap after
{Heap after GC invocations=173 (full 11):
 PSYoungGen      total 76288K, used 21980K [0x00000000eab00000, 0x00000000f1780000, 0x0000000100000000)
  eden space 54272K, 0% used [0x00000000eab00000,0x00000000eab00000,0x00000000ee000000)
  from space 22016K, 99% used [0x00000000f0200000,0x00000000f17771c0,0x00000000f1780000)
  to   space 26624K, 0% used [0x00000000ee380000,0x00000000ee380000,0x00000000efd80000)
 ParOldGen       total 350208K, used 322353K [0x00000000c0000000, 0x00000000d5600000, 0x00000000eab00000)
  object space 350208K, 92% used [0x00000000c0000000,0x00000000d3acc638,0x00000000d5600000)
 Metaspace       used 65976K, committed 67072K, reserved 1114112K
  class space    used 7155K, committed 7616K, reserved 1048576K
}
Event: 10.170 GC heap before
{Heap before GC invocations=174 (full 11):
 PSYoungGen      total 76288K, used 76252K [0x00000000eab00000, 0x00000000f1780000, 0x0000000100000000)
  eden space 54272K, 100% used [0x00000000eab00000,0x00000000ee000000,0x00000000ee000000)
  from space 22016K, 99% used [0x00000000f0200000,0x00000000f17771c0,0x00000000f1780000)
  to   space 26624K, 0% used [0x00000000ee380000,0x00000000ee380000,0x00000000efd80000)
 ParOldGen       total 350208K, used 322353K [0x00000000c0000000, 0x00000000d5600000, 0x00000000eab00000)
  object space 350208K, 92% used [0x00000000c0000000,0x00000000d3acc638,0x00000000d5600000)
 Metaspace       used 65976K, committed 67072K, reserved 1114112K
  class space    used 7155K, committed 7616K, reserved 1048576K
}
Event: 10.179 GC heap after
{Heap after GC invocations=174 (full 11):
 PSYoungGen      total 84480K, used 26620K [0x00000000eab00000, 0x00000000f3c00000, 0x0000000100000000)
  eden space 57856K, 0% used [0x00000000eab00000,0x00000000eab00000,0x00000000ee380000)
  from space 26624K, 99% used [0x00000000ee380000,0x00000000efd7f318,0x00000000efd80000)
  to   space 44544K, 0% used [0x00000000f1080000,0x00000000f1080000,0x00000000f3c00000)
 ParOldGen       total 350208K, used 336645K [0x00000000c0000000, 0x00000000d5600000, 0x00000000eab00000)
  object space 350208K, 96% used [0x00000000c0000000,0x00000000d48c17b0,0x00000000d5600000)
 Metaspace       used 65976K, committed 67072K, reserved 1114112K
  class space    used 7155K, committed 7616K, reserved 1048576K
}
Event: 10.179 GC heap before
{Heap before GC invocations=175 (full 12):
 PSYoungGen      total 84480K, used 26620K [0x00000000eab00000, 0x00000000f3c00000, 0x0000000100000000)
  eden space 57856K, 0% used [0x00000000eab00000,0x00000000eab00000,0x00000000ee380000)
  from space 26624K, 99% used [0x00000000ee380000,0x00000000efd7f318,0x00000000efd80000)
  to   space 44544K, 0% used [0x00000000f1080000,0x00000000f1080000,0x00000000f3c00000)
 ParOldGen       total 350208K, used 336645K [0x00000000c0000000, 0x00000000d5600000, 0x00000000eab00000)
  object space 350208K, 96% used [0x00000000c0000000,0x00000000d48c17b0,0x00000000d5600000)
 Metaspace       used 65976K, committed 67072K, reserved 1114112K
  class space    used 7155K, committed 7616K, reserved 1048576K
}
Event: 10.309 GC heap after
{Heap after GC invocations=175 (full 12):
 PSYoungGen      total 84480K, used 7419K [0x00000000eab00000, 0x00000000f3f80000, 0x0000000100000000)
  eden space 57856K, 0% used [0x00000000eab00000,0x00000000eab00000,0x00000000ee380000)
  from space 26624K, 27% used [0x00000000ee380000,0x00000000eeabeeb0,0x00000000efd80000)
  to   space 44544K, 0% used [0x00000000f1400000,0x00000000f1400000,0x00000000f3f80000)
 ParOldGen       total 427008K, used 350028K [0x00000000c0000000, 0x00000000da100000, 0x00000000eab00000)
  object space 427008K, 81% used [0x00000000c0000000,0x00000000d55d3198,0x00000000da100000)
 Metaspace       used 65976K, committed 67072K, reserved 1114112K
  class space    used 7155K, committed 7616K, reserved 1048576K
}
Event: 10.557 GC heap before
{Heap before GC invocations=176 (full 12):
 PSYoungGen      total 84480K, used 65275K [0x00000000eab00000, 0x00000000f3f80000, 0x0000000100000000)
  eden space 57856K, 100% used [0x00000000eab00000,0x00000000ee380000,0x00000000ee380000)
  from space 26624K, 27% used [0x00000000ee380000,0x00000000eeabeeb0,0x00000000efd80000)
  to   space 44544K, 0% used [0x00000000f1400000,0x00000000f1400000,0x00000000f3f80000)
 ParOldGen       total 427008K, used 350028K [0x00000000c0000000, 0x00000000da100000, 0x00000000eab00000)
  object space 427008K, 81% used [0x00000000c0000000,0x00000000d55d3198,0x00000000da100000)
 Metaspace       used 65994K, committed 67072K, reserved 1114112K
  class space    used 7156K, committed 7616K, reserved 1048576K
}
Event: 10.579 GC heap after
{Heap after GC invocations=176 (full 12):
 PSYoungGen      total 91136K, used 28659K [0x00000000eab00000, 0x00000000f3000000, 0x0000000100000000)
  eden space 62464K, 0% used [0x00000000eab00000,0x00000000eab00000,0x00000000ee800000)
  from space 28672K, 99% used [0x00000000f1400000,0x00000000f2ffcc20,0x00000000f3000000)
  to   space 33280K, 0% used [0x00000000eef00000,0x00000000eef00000,0x00000000f0f80000)
 ParOldGen       total 427008K, used 354140K [0x00000000c0000000, 0x00000000da100000, 0x00000000eab00000)
  object space 427008K, 82% used [0x00000000c0000000,0x00000000d59d70b0,0x00000000da100000)
 Metaspace       used 65994K, committed 67072K, reserved 1114112K
  class space    used 7156K, committed 7616K, reserved 1048576K
}
Event: 11.270 GC heap before
{Heap before GC invocations=177 (full 12):
 PSYoungGen      total 91136K, used 91123K [0x00000000eab00000, 0x00000000f3000000, 0x0000000100000000)
  eden space 62464K, 100% used [0x00000000eab00000,0x00000000ee800000,0x00000000ee800000)
  from space 28672K, 99% used [0x00000000f1400000,0x00000000f2ffcc20,0x00000000f3000000)
  to   space 33280K, 0% used [0x00000000eef00000,0x00000000eef00000,0x00000000f0f80000)
 ParOldGen       total 427008K, used 354140K [0x00000000c0000000, 0x00000000da100000, 0x00000000eab00000)
  object space 427008K, 82% used [0x00000000c0000000,0x00000000d59d70b0,0x00000000da100000)
 Metaspace       used 65994K, committed 67072K, reserved 1114112K
  class space    used 7156K, committed 7616K, reserved 1048576K
}
Event: 11.292 GC heap after
{Heap after GC invocations=177 (full 12):
 PSYoungGen      total 100352K, used 33260K [0x00000000eab00000, 0x00000000f8580000, 0x0000000100000000)
  eden space 67072K, 0% used [0x00000000eab00000,0x00000000eab00000,0x00000000eec80000)
  from space 33280K, 99% used [0x00000000eef00000,0x00000000f0f7b3b8,0x00000000f0f80000)
  to   space 78336K, 0% used [0x00000000f3900000,0x00000000f3900000,0x00000000f8580000)
 ParOldGen       total 427008K, used 391463K [0x00000000c0000000, 0x00000000da100000, 0x00000000eab00000)
  object space 427008K, 91% used [0x00000000c0000000,0x00000000d7e49c60,0x00000000da100000)
 Metaspace       used 65994K, committed 67072K, reserved 1114112K
  class space    used 7156K, committed 7616K, reserved 1048576K
}
Event: 11.292 GC heap before
{Heap before GC invocations=178 (full 13):
 PSYoungGen      total 100352K, used 33260K [0x00000000eab00000, 0x00000000f8580000, 0x0000000100000000)
  eden space 67072K, 0% used [0x00000000eab00000,0x00000000eab00000,0x00000000eec80000)
  from space 33280K, 99% used [0x00000000eef00000,0x00000000f0f7b3b8,0x00000000f0f80000)
  to   space 78336K, 0% used [0x00000000f3900000,0x00000000f3900000,0x00000000f8580000)
 ParOldGen       total 427008K, used 391463K [0x00000000c0000000, 0x00000000da100000, 0x00000000eab00000)
  object space 427008K, 91% used [0x00000000c0000000,0x00000000d7e49c60,0x00000000da100000)
 Metaspace       used 65994K, committed 67072K, reserved 1114112K
  class space    used 7156K, committed 7616K, reserved 1048576K
}
Event: 11.433 GC heap after
{Heap after GC invocations=178 (full 13):
 PSYoungGen      total 145408K, used 0K [0x00000000eab00000, 0x00000000f8a80000, 0x0000000100000000)
  eden space 67072K, 0% used [0x00000000eab00000,0x00000000eab00000,0x00000000eec80000)
  from space 78336K, 0% used [0x00000000f3900000,0x00000000f3900000,0x00000000f8580000)
  to   space 78336K, 0% used [0x00000000eec80000,0x00000000eec80000,0x00000000f3900000)
 ParOldGen       total 538624K, used 423813K [0x00000000c0000000, 0x00000000e0e00000, 0x00000000eab00000)
  object space 538624K, 78% used [0x00000000c0000000,0x00000000d9de15e0,0x00000000e0e00000)
 Metaspace       used 65994K, committed 67072K, reserved 1114112K
  class space    used 7156K, committed 7616K, reserved 1048576K
}

